<?xml version="1.0" encoding="UTF-8"?>
<!-- Generated by org.testng.reporters.JUnitReportReporter -->
<testsuite hostname="ML147" failures="0" tests="5" name="tests.SampleTest" time="25.896" errors="0" timestamp="1 Mar 2021 06:21:03 GMT">
  <testcase classname="tests.SampleTest" name="facebookconpassword" time="1.953"/>
  <testcase classname="tests.SampleTest" name="facebookSignUp" time="17.816"/>
  <testcase classname="tests.SampleTest" name="facebookName" time="2.990"/>
  <testcase classname="tests.SampleTest" name="facebookSPassword" time="1.203"/>
  <testcase classname="tests.SampleTest" name="facebookMobileNumber" time="1.934"/>
</testsuite> <!-- tests.SampleTest -->
